 1054  cd cs131
 1055  mkdir a3
 1056  ls
 1057  cd
 1058  cp /home/test/A1/downloaded_tweets_extend_nolf2.tsv cs131/a3/downloaded_tweets_extend_nolf2.tsv
 1060  cd cs131/a3
 1061  ls
 1062  head downloaded_tweets_extend_nolf2.tsv
 1063  awk -F '\t' '{if ($6) print}' downloaded_tweets_extend_nolf2.tsv | awk -F '\t' '{print $6, $2}' >> task1.txt
 1064  cat task1.txt
 1065  awk '$1' task1.txt | sort | uniq -c | sort -nr | awk '(NR==1) || ($1 > 2)' | awk '{print $1, $2}' > task2.txt
 1066  cat task2.txt
 1067  cd gnuplot-5.4.6/src/
 1068  vim h1.sh
 1069  vim h4.sh
 1070  ./gnuplot
 1071  display h1.svg
 1072  ./gnuplot
 1073  display h4.svg
 1074  cp cs131/a3/gnuplot-5.4.6/src/h1.sh cs131/a3/h1.sh
 1075  cp cs131/a3/gnuplot-5.4.6/src/h4.sh cs131/a3/h4.sh
 1067  history 200 > cmds.log
