 History
 1031  cd
 1032  cd cs131
 1033  mkdir ws5
 1034  cd ws5
 1035  wget https://s3.amazonaws.com/amazon-reviews-pds/tsv/amazon_reviews_us_Books_v1_02.tsv.gz
 1036  gzip -d amazon_reviews_us_Books_v1_02.tsv.gz
 1037  cut -f 2 amazon_reviews_us_Books_v1_02.tsv | sort | uniq -c | sort -nr | awk '{print $2}' > reviews.txt
 1038  cat reviews.txt
 1039  head -200 reviews.txt > topreviews.txt
 1040  cat topreviews.txt
 1041  vi createFiles.sh
 1042  mkdir CUSTOMERS
 1043  bash createFiles.sh
 1044  cd CUSTOMERS
 1045  ls
 1046  cd
 1047  cd cs131/ws5
 1048  ls
 1049  history 50 > cmds.log
