    1  passwd
    2  172.31.197.164
    3  wget www.github.com
    4  sudo dnf install git-all
    5  sudo apt install git-all
    6  cd ~/Desktop
    7  mkdir myproject
    8  cd myproject/
    9  git init
   10  touch newfile.txt
   11  ls
   12  git status
   13  git add newfile.txt
   14  git status
   15  git commit -m "this is my first commit!"
   16  git commit -m "This is my first commit!"
   17  git config --global user.name "Kevin"
   18  git commit -m "This is my first commit!"
   19  git checkout -b my-new-branch
   20  git branch
   21  git remote add origin https://github.com/ArcticFire45/newrepo.git
   22  git branch -M main
   23  push -u origin main
   24  git push -u origin main
   25  git remote add origin https://github.com/ArcticFire45/newrepo.git
   26  git branch -M main
   27  git push -u origin main
   28  git push -u origin master
   29  git push origin my-new-branch
   30  git push -u origin master
   31  git remote add origin git@github.com:ArcticFire45/newrepo.git
   32  git branch -M main
   33  git push -u origin main
   34  git@github.com:ArcticFire45/newrepo.git
   35  git push origin my-new-branch
   36  git push -u origin master
   37  git push origin my-new-branch
   38  git branch
   39  git checkout -b my-new-branch
   40  git branch
   41  git push origin my-new-branch
   42  git branch
   43  git push origin my-new-branch
   44  ghp_Q7O6GTjgkSVEAfgul6jk
   45  git push origin my-new-branch
   46  
   47  git push origin my-new-branch
   48  git remote set-url origin https://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@github.com/ArcticFire45/newrepo.git
   49  git push origin my-new-branch
   50  mkdir ws1
   51  cd ws1/
   52  git init
   53  git remote add origin git@github.com:ArcticFire45/cs131.git
   54  git branch -M main
   55  git push -u origin main
   56  git branch
   57  git push -u origin master
   58  history > cmds.log
   59  git branch
   60  git push -u origin master
   61  git check -b history
   62  git checkout -b history
   63  history > cmds.log
   64  git branch
   65  touch cmds.log
   66  ls
   67  git status
   68  git add cmds.log
   69  git status
   70  history > cmds.log
   71  git commit -m "This is my first commit!"
   72  git branch
   73  git push origin history
   74  git remote add origin git@github.com:ArcticFire45/cs131.git
   75  git branch -M main
   76  git push -u origin main
   77  git remote set-url origin https://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@github.com/ArcticFire45/cs131.git
   78  git branch
   79  git push -u origin main
   80  stop
   81  172.31.197.164
   82  wget www.github.com
   83  mkdir myproject
   84  cd myproject/
   85  git init
   86  touch newfile.txt
   87  ls
   88  git status
   89  git add newfile.txt
   90  git status
   91  git commit -m "Your message about the commit"
   92  cd ws1/
   93  git status
   94  wget www.github.com
   95  mkdir newproject
   96  cd newproject/
   97  git init
   98  touch krai.txt
   99  ls
  100  git status
  101  git add krai.txt
  102  git status
  103  git commit -m "Your message about the commit"
  104  git checkout -b my-new-branch
  105  git branch
  106  git remote add origin git@github.com:ArcticFire45/newrepo.git
  107  git push -u origin master
  108  git remote set-url origin https://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@github.com/ArcticFire45/newrepo.git
  109  git push -u origin master
  110  git push origin my-new-branch
  111  git pull origin master
  112  git log
  113  mkdir cs131
  114  cd cs131/
  115  git init
  116  touch cmds.log
  117  LS
  118  ls
  119  git status
  120  git add cmds.log
  121  git status
  122  mkdir /ws1/cs131
  123  mkdir ws1/cs131
  124  mkdir ws1
  125  cd /ws1/cs131
  126  cd ws1
  127  git
  128  git init
  129  git status
  130  git add cmds.log
  131  touch cmds.log
  132  git add cmds.log
  133  git status
  134  history > cmds.log
  135  git remote add origin git@github.com:ArcticFire45/cs131.git
  136  git push -u origin main
  137  git branch -M main
  138  git push -u origin main
  139  git branch
  140  branch
  141  git remote set-url origin https://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@github.com/ArcticFire45/cs131.git
  142  git push -u origin main
  143  mkdir /ws1/cs131
  144  wget www.github.com
  145  ls
  146  mkdir cs131
  147  cd cs131
  148  git checkout -b ws1branch
  149  git checkout -b new-branch
  150  git init
  151  git checkout -b ws1branch
  152  mkdir ws1
  153  cd ws1
  154  touch cmds.log
  155  git add cmds.log
  156  history > cmds.log
